<?xml version="1.0" encoding="UTF-8"?>
<!-- Generated by org.testng.reporters.JUnitReportReporter -->
<testsuite hostname="shivs-MacBook-Air.local" failures="0" tests="1" name="day48.LoginTest" time="0.933" errors="0" timestamp="2024-07-16T08:32:38 IST" skipped="0">
  <testcase classname="day48.LoginTest" name="login" time="0.933"/>
  <system-out/>
</testsuite> <!-- day48.LoginTest -->
