<?xml version="1.0" encoding="UTF-8"?>
<!-- Generated by org.testng.reporters.JUnitReportReporter -->
<testsuite hostname="shivs-MacBook-Air.local" failures="0" tests="3" name="day44.SignupTests" time="0.005" errors="0" timestamp="2024-07-15T08:39:59 IST" skipped="0">
  <testcase classname="day44.SignupTests" name="signupByEmail" time="0.003"/>
  <system-out/>
  <testcase classname="day44.SignupTests" name="signupByFacebook" time="0.001"/>
  <system-out/>
  <testcase classname="day44.SignupTests" name="signupByTwitter" time="0.001"/>
  <system-out/>
</testsuite> <!-- day44.SignupTests -->
