<?xml version="1.0" encoding="UTF-8"?>
<!-- Generated by org.testng.reporters.JUnitReportReporter -->
<testsuite hostname="shivs-MacBook-Air.local" failures="0" tests="1" name="day47.LoginTest2" time="4.612" errors="0" timestamp="2024-07-16T07:44:53 IST" skipped="0">
  <testcase classname="day47.LoginTest2" name="login" time="4.612"/>
  <system-out/>
</testsuite> <!-- day47.LoginTest2 -->
