<?xml version="1.0" encoding="UTF-8"?>
<!-- Generated by org.testng.reporters.JUnitReportReporter -->
<testsuite hostname="shivs-MacBook-Air.local" failures="0" tests="1" name="day44.FluentWaitDemo" time="8.596" errors="0" timestamp="2024-07-07T07:14:31 IST" skipped="0">
  <testcase classname="day44.FluentWaitDemo" name="enterUserName" time="8.596"/>
  <system-out/>
</testsuite> <!-- day44.FluentWaitDemo -->
