<?xml version="1.0" encoding="UTF-8"?>
<!-- Generated by org.testng.reporters.JUnitReportReporter -->
<testsuite hostname="shivs-MacBook-Air.local" failures="0" tests="6" name="day44.AllAnnotations" time="0.002" errors="0" timestamp="2024-07-05T11:52:32 IST" skipped="0">
  <testcase classname="day44.AllAnnotations" name="tm1" time="0.001"/>
  <system-out/>
  <testcase classname="day44.AllAnnotations" name="tm2" time="0.001"/>
  <system-out/>
  <testcase classname="day44.AllAnnotations" name="tm2" time="0.000"/>
  <system-out/>
  <testcase classname="day44.AllAnnotations" name="tm2" time="0.000"/>
  <system-out/>
  <testcase classname="day44.AllAnnotations" name="tm2" time="0.000"/>
  <system-out/>
  <testcase classname="day44.AllAnnotations" name="tm2" time="0.000"/>
  <system-out/>
</testsuite> <!-- day44.AllAnnotations -->
