<?xml version="1.0" encoding="UTF-8"?>
<!-- Generated by org.testng.reporters.JUnitReportReporter -->
<testsuite hostname="shivs-MacBook-Air.local" failures="0" tests="1" name="day43.SoftAssertions" time="0.003" errors="0" timestamp="2024-07-14T12:52:23 IST" skipped="0">
  <testcase classname="day43.SoftAssertions" name="app" time="0.003"/>
  <system-out/>
</testsuite> <!-- day43.SoftAssertions -->
