<?xml version="1.0" encoding="UTF-8"?>
<!-- Generated by org.testng.reporters.JUnitReportReporter -->
<testsuite hostname="shivs-MacBook-Air.local" failures="0" tests="2" name="day44.AnnotationsDemo" time="0.002" errors="0" timestamp="2024-07-04T13:09:42 IST" skipped="0">
  <testcase classname="day44.AnnotationsDemo" name="search" time="0.001"/>
  <system-out/>
  <testcase classname="day44.AnnotationsDemo" name="AdvancedSearch" time="0.001"/>
  <system-out/>
</testsuite> <!-- day44.AnnotationsDemo -->
