<?xml version="1.0" encoding="UTF-8"?>
<!-- Generated by org.testng.reporters.JUnitReportReporter -->
<testsuite hostname="shivs-MacBook-Air.local" failures="0" tests="2" name="day44.AnnotationsDemo2" time="0.001" errors="0" timestamp="2024-07-04T16:47:37 IST" skipped="0">
  <testcase classname="day44.AnnotationsDemo2" name="search" time="0.001"/>
  <system-out/>
  <testcase classname="day44.AnnotationsDemo2" name="AdvancedSearch" time="0.000"/>
  <system-out/>
</testsuite> <!-- day44.AnnotationsDemo2 -->
