<?xml version="1.0" encoding="UTF-8"?>
<!-- Generated by org.testng.reporters.JUnitReportReporter -->
<testsuite hostname="shivs-MacBook-Air.local" failures="0" tests="1" name="day47.LoginTest" time="1.745" errors="0" timestamp="2024-07-16T07:30:52 IST" skipped="0">
  <testcase classname="day47.LoginTest" name="loginTest" time="1.745"/>
  <system-out/>
</testsuite> <!-- day47.LoginTest -->
