<?xml version="1.0" encoding="UTF-8"?>
<!-- Generated by org.testng.reporters.JUnitReportReporter -->
<testsuite hostname="shivs-MacBook-Air.local" failures="0" tests="2" name="day44.PaymentTests" time="0.003" errors="0" timestamp="2024-07-15T08:38:29 IST" skipped="0">
  <testcase classname="day44.PaymentTests" name="paymentInDollers" time="0.002"/>
  <system-out/>
  <testcase classname="day44.PaymentTests" name="paymentInRupees" time="0.001"/>
  <system-out/>
</testsuite> <!-- day44.PaymentTests -->
