<?xml version="1.0" encoding="UTF-8"?>
<!-- Generated by org.testng.reporters.JUnitReportReporter -->
<testsuite hostname="shivs-MacBook-Air.local" failures="0" tests="3" name="day42.FirstTestCase" time="0.005" errors="0" timestamp="2024-07-14T08:55:57 IST" skipped="0">
  <testcase classname="day42.FirstTestCase" name="openApp" time="0.003"/>
  <system-out/>
  <testcase classname="day42.FirstTestCase" name="loginApp" time="0.001"/>
  <system-out/>
  <testcase classname="day42.FirstTestCase" name="logout" time="0.001"/>
  <system-out/>
</testsuite> <!-- day42.FirstTestCase -->
