<?xml version="1.0" encoding="UTF-8"?>
<!-- Generated by org.testng.reporters.JUnitReportReporter -->
<testsuite hostname="shivs-MacBook-Air.local" failures="0" tests="4" name="day42.HRMDemo" time="6.612" errors="0" timestamp="2024-07-14T08:55:57 IST" skipped="0">
  <testcase classname="day42.HRMDemo" name="openApp" time="4.729"/>
  <system-out/>
  <testcase classname="day42.HRMDemo" name="testLogoPresent" time="0.021"/>
  <system-out/>
  <testcase classname="day42.HRMDemo" name="Login" time="1.468"/>
  <system-out/>
  <testcase classname="day42.HRMDemo" name="closeApp" time="0.394"/>
  <system-out/>
</testsuite> <!-- day42.HRMDemo -->
