<?xml version="1.0" encoding="UTF-8"?>
<!-- Generated by org.testng.reporters.JUnitReportReporter -->
<testsuite hostname="shivs-MacBook-Air.local" failures="0" tests="2" name="day44.PaymentTests" time="0.000" errors="0" timestamp="2024-07-16T20:14:59 IST" skipped="0">
  <testcase classname="day44.PaymentTests" name="paymentInRupees" time="0.000"/>
  <testcase classname="day44.PaymentTests" name="paymentInDollers" time="0.000"/>
</testsuite> <!-- day44.PaymentTests -->
