<?xml version="1.0" encoding="UTF-8"?>
<!-- Generated by org.testng.reporters.JUnitReportReporter -->
<testsuite hostname="shivs-MacBook-Air.local" failures="0" tests="1" name="day47.LoginTest" time="1.484" errors="0" timestamp="2024-07-16T20:14:59 IST" skipped="0">
  <testcase classname="day47.LoginTest" name="loginTest" time="1.484"/>
</testsuite> <!-- day47.LoginTest -->
