<?xml version="1.0" encoding="UTF-8"?>
<!-- Generated by org.testng.reporters.JUnitReportReporter -->
<testsuite hostname="shivs-MacBook-Air.local" failures="0" tests="3" name="day44.LoginTests" time="0.001" errors="0" timestamp="2024-07-16T20:14:59 IST" skipped="0">
  <testcase classname="day44.LoginTests" name="loginByEmail" time="0.000"/>
  <testcase classname="day44.LoginTests" name="loginByFacebook" time="0.000"/>
  <testcase classname="day44.LoginTests" name="loginByTwitter" time="0.001"/>
</testsuite> <!-- day44.LoginTests -->
